Base path: /Applications/Unity/Unity.app/Contents
Pipe name: \\.\pipe\UnityShaderCompiler-3--1333551104
Cmd: getPlatforms
Cmd: compileSnippet
  api=0 type=1 insize=1145 outsize=319 kw=PIXELSNAP_ON ok=1
Cmd: compileSnippet
  api=0 type=0 insize=796 outsize=1594 kw=LIGHTMAP_ON V_WIRE_LIGHT_OFF V_WIRE_ANTIALIASING_OFF V_WIRE_FRESNEL_ON ok=1
Cmd: compileSnippet
  api=0 type=0 insize=796 outsize=1391 kw=LIGHTMAP_ON V_WIRE_FRESNEL_OFF V_WIRE_ANTIALIASING_ON V_WIRE_LIGHT_ON ok=1
Cmd: compileSnippet
  api=0 type=0 insize=796 outsize=577 kw=LIGHTMAP_OFF V_WIRE_ANTIALIASING_OFF V_WIRE_FRESNEL_OFF V_WIRE_LIGHT_ON ok=1
Cmd: compileSnippet
  api=0 type=0 insize=796 outsize=1166 kw=LIGHTMAP_OFF V_WIRE_ANTIALIASING_OFF V_WIRE_FRESNEL_ON V_WIRE_LIGHT_ON ok=1
Cmd: compileSnippet
  api=0 type=1 insize=796 outsize=6 kw=LIGHTMAP_ON V_WIRE_LIGHT_OFF V_WIRE_ANTIALIASING_OFF V_WIRE_FRESNEL_ON ok=1
Cmd: compileSnippet
  api=0 type=1 insize=796 outsize=6 kw=LIGHTMAP_ON V_WIRE_ANTIALIASING_OFF V_WIRE_FRESNEL_ON V_WIRE_LIGHT_ON ok=1
Cmd: compileSnippet
  api=0 type=1 insize=796 outsize=6 kw=LIGHTMAP_OFF V_WIRE_LIGHT_OFF V_WIRE_FRESNEL_OFF V_WIRE_ANTIALIASING_ON ok=1
Cmd: compileSnippet
  api=0 type=1 insize=796 outsize=6 kw=LIGHTMAP_OFF V_WIRE_FRESNEL_OFF V_WIRE_ANTIALIASING_ON V_WIRE_LIGHT_ON ok=1
Cmd: compileSnippet
  api=0 type=0 insize=650 outsize=1182 kw=V_WIRE_FRESNEL_ON V_WIRE_ANTIALIASING_ON ok=1
Cmd: compileSnippet
  api=1 type=0 insize=1145 outsize=162 kw=DUMMY ok=1
Cmd: compileSnippet
  api=4 type=1 insize=1145 outsize=1006 kw=DUMMY ok=1
Cmd: compileSnippet
  api=4 type=1 insize=1145 outsize=1006 kw=PIXELSNAP_ON ok=1
Cmd: compileSnippet
  api=8 type=1 insize=1145 outsize=1471 kw=PIXELSNAP_ON ok=1
Cmd: compileSnippet
  api=4 type=0 insize=796 outsize=2200 kw=LIGHTMAP_ON V_WIRE_LIGHT_OFF V_WIRE_ANTIALIASING_OFF V_WIRE_FRESNEL_ON ok=1
Cmd: compileSnippet
  api=4 type=0 insize=796 outsize=1274 kw=LIGHTMAP_ON V_WIRE_LIGHT_OFF V_WIRE_FRESNEL_OFF V_WIRE_ANTIALIASING_ON ok=1
Cmd: compileSnippet
  api=1 type=0 insize=796 outsize=483 kw=LIGHTMAP_ON V_WIRE_LIGHT_OFF V_WIRE_FRESNEL_ON V_WIRE_ANTIALIASING_ON ok=1
Cmd: compileSnippet
  api=1 type=0 insize=796 outsize=208 kw=LIGHTMAP_ON V_WIRE_FRESNEL_OFF V_WIRE_ANTIALIASING_ON V_WIRE_LIGHT_ON ok=1
Cmd: compileSnippet
  api=4 type=0 insize=796 outsize=973 kw=LIGHTMAP_OFF V_WIRE_LIGHT_OFF V_WIRE_ANTIALIASING_OFF V_WIRE_FRESNEL_OFF ok=1
Cmd: compileSnippet
  api=1 type=0 insize=796 outsize=420 kw=LIGHTMAP_OFF V_WIRE_LIGHT_OFF V_WIRE_ANTIALIASING_OFF V_WIRE_FRESNEL_ON ok=1
Cmd: compileSnippet
  api=4 type=0 insize=796 outsize=973 kw=LIGHTMAP_OFF V_WIRE_LIGHT_OFF V_WIRE_FRESNEL_OFF V_WIRE_ANTIALIASING_ON ok=1
Cmd: compileSnippet
  api=4 type=0 insize=796 outsize=1916 kw=LIGHTMAP_OFF V_WIRE_LIGHT_OFF V_WIRE_FRESNEL_ON V_WIRE_ANTIALIASING_ON ok=1
Cmd: compileSnippet
  api=4 type=0 insize=796 outsize=973 kw=LIGHTMAP_OFF V_WIRE_ANTIALIASING_OFF V_WIRE_FRESNEL_OFF V_WIRE_LIGHT_ON ok=1
Cmd: compileSnippet
  api=1 type=0 insize=796 outsize=147 kw=LIGHTMAP_OFF V_WIRE_FRESNEL_OFF V_WIRE_ANTIALIASING_ON V_WIRE_LIGHT_ON ok=1
Cmd: compileSnippet
  api=4 type=1 insize=796 outsize=1038 kw=LIGHTMAP_ON V_WIRE_LIGHT_OFF V_WIRE_ANTIALIASING_OFF V_WIRE_FRESNEL_OFF ok=1
Cmd: compileSnippet
  api=1 type=1 insize=796 outsize=550 kw=LIGHTMAP_ON V_WIRE_LIGHT_OFF V_WIRE_FRESNEL_ON V_WIRE_ANTIALIASING_ON ok=1
Cmd: compileSnippet
  api=4 type=1 insize=796 outsize=1404 kw=LIGHTMAP_ON V_WIRE_ANTIALIASING_OFF V_WIRE_FRESNEL_OFF V_WIRE_LIGHT_ON ok=1
Cmd: compileSnippet
  api=4 type=1 insize=796 outsize=1957 kw=LIGHTMAP_ON V_WIRE_FRESNEL_OFF V_WIRE_ANTIALIASING_ON V_WIRE_LIGHT_ON ok=1
Cmd: compileSnippet
  api=4 type=1 insize=796 outsize=1233 kw=LIGHTMAP_OFF V_WIRE_LIGHT_OFF V_WIRE_ANTIALIASING_OFF V_WIRE_FRESNEL_ON ok=1
Cmd: compileSnippet
  api=1 type=1 insize=796 outsize=550 kw=LIGHTMAP_OFF V_WIRE_LIGHT_OFF V_WIRE_FRESNEL_ON V_WIRE_ANTIALIASING_ON ok=1
Cmd: compileSnippet
  api=4 type=1 insize=796 outsize=973 kw=LIGHTMAP_OFF V_WIRE_ANTIALIASING_OFF V_WIRE_FRESNEL_OFF V_WIRE_LIGHT_ON ok=1
Cmd: compileSnippet
  api=1 type=1 insize=796 outsize=491 kw=LIGHTMAP_OFF V_WIRE_FRESNEL_OFF V_WIRE_ANTIALIASING_ON V_WIRE_LIGHT_ON ok=1
Cmd: compileSnippet
  api=4 type=1 insize=796 outsize=1786 kw=LIGHTMAP_OFF V_WIRE_FRESNEL_ON V_WIRE_ANTIALIASING_ON V_WIRE_LIGHT_ON ok=1
Cmd: compileSnippet
  api=8 type=0 insize=1268 outsize=1438 kw= ok=1
Cmd: compileSnippet
  api=8 type=1 insize=1268 outsize=2527 kw= ok=1
Cmd: compileSnippet
  api=4 type=0 insize=650 outsize=1916 kw=V_WIRE_ANTIALIASING_OFF V_WIRE_FRESNEL_ON ok=1
Cmd: compileSnippet
  api=4 type=0 insize=650 outsize=973 kw=V_WIRE_FRESNEL_OFF V_WIRE_ANTIALIASING_ON ok=1
Cmd: compileSnippet
  api=4 type=0 insize=650 outsize=1916 kw=V_WIRE_FRESNEL_ON V_WIRE_ANTIALIASING_ON ok=1
Cmd: compileSnippet
  api=4 type=1 insize=650 outsize=1144 kw=V_WIRE_ANTIALIASING_OFF V_WIRE_FRESNEL_ON ok=1
Cmd: compileSnippet
  api=4 type=1 insize=650 outsize=1697 kw=V_WIRE_FRESNEL_ON V_WIRE_ANTIALIASING_ON ok=1
End of pipe

Quitting shader compiler process
